0.2.22
* Orz forgot add dependency and remove a debug log
* change device list to app list
0.2.19
* add support for debug a bundle url
* add support for file source map(when debug a bundle url)
* normalize code style
* display two qrcode at the same time one for playground one for taobao
* read local hosts file for replacing entry url domain to real ip
0.2.18
* add support for debug a compiled bundle js (and watch it)
* add sourcemap function (Depend on weex-loader@0.3.0-alpha)
* change default
* refactor bin/weex-devtool.js
* add dump in runtime
* fix bugs
0.2.17
* fix bugs
0.2.16
* add taobao qrcode format support
* add WxDebug.enable when first click debugger button